08-IntelLabSensorStream_5Att_130073Instances_two_majority_classes_29_and_31_CBDT.csv, partition size (one after): 0.01, split: FixedSizeOptimumSet, error: Value was either too large or too small for a Decimal.

07-electricitydiscretized-7Att_45312Ins_CBDT.csv, partition size (one after): 0.01, split: Partition, error: Object reference not set to an instance of an object.
07-electricitydiscretized-7Att_45312Ins_CBDT.csv, partition size (one after): 0.01, split: Partition, error: Object reference not set to an instance of an object.
07-electricitydiscretized-7Att_45312Ins_CBDT.csv, partition size (one after): 0.01, split: Partition, error: Object reference not set to an instance of an object.
07-electricitydiscretized-7Att_45312Ins_CBDT.csv, partition size (one after): 0.1, split: Partition, error: Object reference not set to an instance of an object.
07-electricitydiscretized-7Att_45312Ins_CBDT.csv, partition size (one after): 0.1, split: Partition, error: Object reference not set to an instance of an object.
07-electricitydiscretized-7Att_45312Ins_CBDT.csv, partition size (one after): 0.1, split: Partition, error: Object reference not set to an instance of an object.
07-electricitydiscretized-7Att_45312Ins_CBDT.csv, partition size (one after): 0.1, split: Partition, error: Object reference not set to an instance of an object.
07-electricitydiscretized-7Att_45312Ins_CBDT.csv, partition size (one after): 0.1, split: Partition, error: Index was outside the bounds of the array.
07-electricitydiscretized-7Att_45312Ins_CBDT.csv, partition size (one after): 0.1, split: Partition, error: Index was outside the bounds of the array.
07-electricitydiscretized-7Att_45312Ins_CBDT.csv, partition size (one after): 0.1, split: Partition, error: Index was outside the bounds of the array.
07-electricitydiscretized-7Att_45312Ins_CBDT.csv, partition size (one after): 0.1, split: Partition, error: Index was outside the bounds of the array.
07-electricitydiscretized-7Att_45312Ins_CBDT.csv, partition size (one after): 0.1, split: Partition, error: Index was outside the bounds of the array.
07-electricitydiscretized-7Att_45312Ins_CBDT.csv, partition size (one after): 0.1, split: Partition, error: Index was outside the bounds of the array.
07-electricitydiscretized-7Att_45312Ins_CBDT.csv, partition size (one after): 0.1, split: Partition, error: Index was outside the bounds of the array.
07-electricitydiscretized-7Att_45312Ins_CBDT.csv, partition size (one after): 0.1, split: Partition, error: Index was outside the bounds of the array.
07-electricitydiscretized-7Att_45312Ins_CBDT.csv, partition size (one after): 0.1, split: Partition, error: Index was outside the bounds of the array.
07-electricitydiscretized-7Att_45312Ins_CBDT.csv, partition size (one after): 0.1, split: Partition, error: Index was outside the bounds of the array.
07-electricitydiscretized-7Att_45312Ins_CBDT.csv, partition size (one after): 0.1, split: Partition, error: Index was outside the bounds of the array.
07-electricitydiscretized-7Att_45312Ins_CBDT.csv, partition size (one after): 0.1, split: Partition, error: Index was outside the bounds of the array.
07-electricitydiscretized-7Att_45312Ins_CBDT.csv, partition size (one after): 0.1, split: Partition, error: Index was outside the bounds of the array.
07-electricitydiscretized-7Att_45312Ins_CBDT.csv, partition size (one after): 0.1, split: Partition, error: Index was outside the bounds of the array.
07-electricitydiscretized-7Att_45312Ins_CBDT.csv, partition size (one after): 0.1, split: Partition, error: Index was outside the bounds of the array.
07-electricitydiscretized-7Att_45312Ins_CBDT.csv, partition size (one after): 0.1, split: Partition, error: Index was outside the bounds of the array.
07-electricitydiscretized-7Att_45312Ins_CBDT.csv, partition size (one after): 0.1, split: Partition, error: Index was outside the bounds of the array.
07-electricitydiscretized-7Att_45312Ins_CBDT.csv, partition size (one after): 0.1, split: Partition, error: Index was outside the bounds of the array.
07-electricitydiscretized-7Att_45312Ins_CBDT.csv, partition size (one after): 0.1, split: Partition, error: Index was outside the bounds of the array.
07-electricitydiscretized-7Att_45312Ins_CBDT.csv, partition size (one after): 0.1, split: Partition, error: Specified argument was out of the range of valid values.
Parameter name: index
07-electricitydiscretized-7Att_45312Ins_CBDT.csv, partition size (one after): 0.1, split: Partition, error: Object reference not set to an instance of an object.
07-electricitydiscretized-7Att_45312Ins_CBDT.csv, partition size (one after): 0.1, split: Partition, error: Object reference not set to an instance of an object.
07-electricitydiscretized-7Att_45312Ins_CBDT.csv, partition size (one after): 0.1, split: Partition, error: Object reference not set to an instance of an object.
07-electricitydiscretized-7Att_45312Ins_CBDT.csv, partition size (one after): 0.1, split: Partition, error: Object reference not set to an instance of an object.
07-electricitydiscretized-7Att_45312Ins_CBDT.csv, partition size (one after): 0.1, split: Partition, error: Object reference not set to an instance of an object.
07-electricitydiscretized-7Att_45312Ins_CBDT.csv, partition size (one after): 0.1, split: Partition, error: Object reference not set to an instance of an object.
07-electricitydiscretized-7Att_45312Ins_CBDT.csv, partition size (one after): 0.1, split: Partition, error: An item with the same key has already been added.
07-electricitydiscretized-7Att_45312Ins_CBDT.csv, partition size (one after): 0.1, split: Partition, error: An item with the same key has already been added.
07-electricitydiscretized-7Att_45312Ins_CBDT.csv, partition size (one after): 0.1, split: Partition, error: An item with the same key has already been added.
07-electricitydiscretized-7Att_45312Ins_CBDT.csv, partition size (one after): 0.1, split: Partition, error: An item with the same key has already been added.
07-electricitydiscretized-7Att_45312Ins_CBDT.csv, partition size (one after): 0.1, split: Partition, error: An item with the same key has already been added.
07-electricitydiscretized-7Att_45312Ins_CBDT.csv, partition size (one after): 0.1, split: Partition, error: An item with the same key has already been added.
07-electricitydiscretized-7Att_45312Ins_CBDT.csv, partition size (one after): 0.1, split: Partition, error: An item with the same key has already been added.
07-electricitydiscretized-7Att_45312Ins_CBDT.csv, partition size (one after): 0.1, split: Partition, error: An item with the same key has already been added.
07-electricitydiscretized-7Att_45312Ins_CBDT.csv, partition size (one after): 0.1, split: Partition, error: An item with the same key has already been added.
07-electricitydiscretized-7Att_45312Ins_CBDT.csv, partition size (one after): 0.1, split: Partition, error: Specified argument was out of the range of valid values.
Parameter name: index
07-electricitydiscretized-7Att_45312Ins_CBDT.csv, partition size (one after): 0.1, split: Partition, error: Specified argument was out of the range of valid values.
Parameter name: index
07-electricitydiscretized-7Att_45312Ins_CBDT.csv, partition size (one after): 0.1, split: LinearSequence, error: Object reference not set to an instance of an object.
07-electricitydiscretized-7Att_45312Ins_CBDT.csv, partition size (one after): 0.1, split: Partition, error: The given key was not present in the dictionary.
07-electricitydiscretized-7Att_45312Ins_CBDT.csv, partition size (one after): 0.1, split: Partition, error: The given key was not present in the dictionary.
07-electricitydiscretized-7Att_45312Ins_CBDT.csv, partition size (one after): 0.1, split: Partition, error: The given key was not present in the dictionary.
07-electricitydiscretized-7Att_45312Ins_CBDT.csv, partition size (one after): 0.1, split: Partition, error: Index was out of range. Must be non-negative and less than the size of the collection.
Parameter name: index
07-electricitydiscretized-7Att_45312Ins_CBDT.csv, partition size (one after): 0.1, split: Partition, error: Index was out of range. Must be non-negative and less than the size of the collection.
Parameter name: index
07-electricitydiscretized-7Att_45312Ins_CBDT.csv, partition size (one after): 0.1, split: Partition, error: Index was out of range. Must be non-negative and less than the size of the collection.
Parameter name: index
07-electricitydiscretized-7Att_45312Ins_CBDT.csv, partition size (one after): 0.1, split: Partition, error: The given key was not present in the dictionary.
07-electricitydiscretized-7Att_45312Ins_CBDT.csv, partition size (one after): 0.1, split: Partition, error: The given key was not present in the dictionary.
07-electricitydiscretized-7Att_45312Ins_CBDT.csv, partition size (one after): 0.1, split: Partition, error: The given key was not present in the dictionary.
